2024-04-05 07:24:11 [main] INFO  c.m.d.i.InsurancedaoApplicationTests - Starting InsurancedaoApplicationTests using Java 1.8.0_292 on WPF45CTQ6 with PID 29016 (started by xxrajjjv in C:\Users\xxrajjjv\Desktop\DLTE-java-full-stack-VarunRaj2024\Project\MyBankDao)
2024-04-05 07:24:11 [main] INFO  c.m.d.i.InsurancedaoApplicationTests - No active profile set, falling back to 1 default profile: "default"
2024-04-05 07:24:11 [main] INFO  o.s.d.r.c.RepositoryConfigurationDelegate - Bootstrapping Spring Data JDBC repositories in DEFAULT mode.
2024-04-05 07:24:11 [main] INFO  o.s.d.r.c.RepositoryConfigurationDelegate - Finished Spring Data repository scanning in 10 ms. Found 0 JDBC repository interfaces.
2024-04-05 07:24:12 [main] INFO  com.zaxxer.hikari.HikariDataSource - HikariPool-1 - Starting...
2024-04-05 07:24:12 [main] WARN  c.z.hikari.util.DriverDataSource - Registered driver with driverClassName=oracle.jdbc.driver.OracleDriver was not found, trying direct instantiation.
2024-04-05 07:24:12 [main] INFO  com.zaxxer.hikari.pool.PoolBase - HikariPool-1 - Driver does not support get/set network timeout for connections. (oracle.jdbc.driver.T4CConnection.getNetworkTimeout()I)
2024-04-05 07:24:12 [main] INFO  com.zaxxer.hikari.HikariDataSource - HikariPool-1 - Start completed.
2024-04-05 07:24:13 [main] INFO  c.m.d.i.InsurancedaoApplicationTests - Started InsurancedaoApplicationTests in 2.214 seconds (JVM running for 4.151)
2024-04-05 07:24:13 [main] WARN  c.m.d.i.r.InsuranceAvailableDbRepo - No data found
2024-04-05 07:24:13 [SpringApplicationShutdownHook] INFO  com.zaxxer.hikari.HikariDataSource - HikariPool-1 - Shutdown initiated...
2024-04-05 07:24:13 [SpringApplicationShutdownHook] INFO  com.zaxxer.hikari.HikariDataSource - HikariPool-1 - Shutdown completed.
2024-04-05 07:50:12 [main] INFO  c.m.d.i.InsurancedaoApplicationTests - Starting InsurancedaoApplicationTests using Java 1.8.0_292 on WPF45CTQ6 with PID 3672 (started by xxrajjjv in C:\Users\xxrajjjv\Desktop\DLTE-java-full-stack-VarunRaj2024\Project\MyBankDao)
2024-04-05 07:50:12 [main] INFO  c.m.d.i.InsurancedaoApplicationTests - No active profile set, falling back to 1 default profile: "default"
2024-04-05 07:50:12 [main] INFO  o.s.d.r.c.RepositoryConfigurationDelegate - Bootstrapping Spring Data JDBC repositories in DEFAULT mode.
2024-04-05 07:50:12 [main] INFO  o.s.d.r.c.RepositoryConfigurationDelegate - Finished Spring Data repository scanning in 8 ms. Found 0 JDBC repository interfaces.
2024-04-05 07:50:13 [main] INFO  com.zaxxer.hikari.HikariDataSource - HikariPool-1 - Starting...
2024-04-05 07:50:13 [main] WARN  c.z.hikari.util.DriverDataSource - Registered driver with driverClassName=oracle.jdbc.driver.OracleDriver was not found, trying direct instantiation.
2024-04-05 07:50:13 [main] INFO  com.zaxxer.hikari.pool.PoolBase - HikariPool-1 - Driver does not support get/set network timeout for connections. (oracle.jdbc.driver.T4CConnection.getNetworkTimeout()I)
2024-04-05 07:50:13 [main] INFO  com.zaxxer.hikari.HikariDataSource - HikariPool-1 - Start completed.
2024-04-05 07:50:13 [main] INFO  c.m.d.i.InsurancedaoApplicationTests - Started InsurancedaoApplicationTests in 1.843 seconds (JVM running for 3.442)
2024-04-05 07:50:13 [main] WARN  c.m.d.i.r.InsuranceAvailableDbRepo - No data found
2024-04-05 07:50:14 [SpringApplicationShutdownHook] INFO  com.zaxxer.hikari.HikariDataSource - HikariPool-1 - Shutdown initiated...
2024-04-05 07:50:14 [SpringApplicationShutdownHook] INFO  com.zaxxer.hikari.HikariDataSource - HikariPool-1 - Shutdown completed.
2024-04-05 07:55:14 [main] INFO  c.m.d.i.InsurancedaoApplicationTests - Starting InsurancedaoApplicationTests using Java 1.8.0_292 on WPF45CTQ6 with PID 20696 (started by xxrajjjv in C:\Users\xxrajjjv\Desktop\DLTE-java-full-stack-VarunRaj2024\Project\MyBankDao)
2024-04-05 07:55:14 [main] INFO  c.m.d.i.InsurancedaoApplicationTests - No active profile set, falling back to 1 default profile: "default"
2024-04-05 07:55:14 [main] INFO  o.s.d.r.c.RepositoryConfigurationDelegate - Bootstrapping Spring Data JDBC repositories in DEFAULT mode.
2024-04-05 07:55:14 [main] INFO  o.s.d.r.c.RepositoryConfigurationDelegate - Finished Spring Data repository scanning in 9 ms. Found 0 JDBC repository interfaces.
2024-04-05 07:55:15 [main] INFO  com.zaxxer.hikari.HikariDataSource - HikariPool-1 - Starting...
2024-04-05 07:55:15 [main] WARN  c.z.hikari.util.DriverDataSource - Registered driver with driverClassName=oracle.jdbc.driver.OracleDriver was not found, trying direct instantiation.
2024-04-05 07:55:15 [main] INFO  com.zaxxer.hikari.pool.PoolBase - HikariPool-1 - Driver does not support get/set network timeout for connections. (oracle.jdbc.driver.T4CConnection.getNetworkTimeout()I)
2024-04-05 07:55:15 [main] INFO  com.zaxxer.hikari.HikariDataSource - HikariPool-1 - Start completed.
2024-04-05 07:55:15 [main] INFO  c.m.d.i.InsurancedaoApplicationTests - Started InsurancedaoApplicationTests in 1.97 seconds (JVM running for 3.502)
2024-04-05 07:55:15 [main] WARN  c.m.d.i.r.InsuranceAvailableDbRepo - No data found
2024-04-05 07:55:16 [SpringApplicationShutdownHook] INFO  com.zaxxer.hikari.HikariDataSource - HikariPool-1 - Shutdown initiated...
2024-04-05 07:55:16 [SpringApplicationShutdownHook] INFO  com.zaxxer.hikari.HikariDataSource - HikariPool-1 - Shutdown completed.
2024-04-05 09:13:21 [main] INFO  c.m.d.i.InsurancedaoApplicationTests - Starting InsurancedaoApplicationTests using Java 1.8.0_292 on WPF45CTQ6 with PID 29428 (started by xxrajjjv in C:\Users\xxrajjjv\Desktop\DLTE-java-full-stack-VarunRaj2024\Project\MyBankDao)
2024-04-05 09:13:21 [main] INFO  c.m.d.i.InsurancedaoApplicationTests - No active profile set, falling back to 1 default profile: "default"
2024-04-05 09:13:21 [main] INFO  o.s.d.r.c.RepositoryConfigurationDelegate - Bootstrapping Spring Data JDBC repositories in DEFAULT mode.
2024-04-05 09:13:21 [main] INFO  o.s.d.r.c.RepositoryConfigurationDelegate - Finished Spring Data repository scanning in 7 ms. Found 0 JDBC repository interfaces.
2024-04-05 09:13:22 [main] INFO  com.zaxxer.hikari.HikariDataSource - HikariPool-1 - Starting...
2024-04-05 09:13:22 [main] WARN  c.z.hikari.util.DriverDataSource - Registered driver with driverClassName=oracle.jdbc.driver.OracleDriver was not found, trying direct instantiation.
2024-04-05 09:13:22 [main] INFO  com.zaxxer.hikari.pool.PoolBase - HikariPool-1 - Driver does not support get/set network timeout for connections. (oracle.jdbc.driver.T4CConnection.getNetworkTimeout()I)
2024-04-05 09:13:22 [main] INFO  com.zaxxer.hikari.HikariDataSource - HikariPool-1 - Start completed.
2024-04-05 09:13:22 [main] INFO  c.m.d.i.InsurancedaoApplicationTests - Started InsurancedaoApplicationTests in 1.494 seconds (JVM running for 2.963)
2024-04-05 09:13:22 [main] WARN  c.m.d.i.r.InsuranceAvailableDbRepo - No data found
2024-04-05 09:13:22 [SpringApplicationShutdownHook] INFO  com.zaxxer.hikari.HikariDataSource - HikariPool-1 - Shutdown initiated...
2024-04-05 09:13:22 [SpringApplicationShutdownHook] INFO  com.zaxxer.hikari.HikariDataSource - HikariPool-1 - Shutdown completed.
2024-04-05 12:05:21 [main] INFO  c.m.d.i.InsurancedaoApplicationTests - Starting InsurancedaoApplicationTests using Java 1.8.0_292 on WPF45CTQ6 with PID 24316 (started by xxrajjjv in C:\Users\xxrajjjv\Desktop\DLTE-java-full-stack-VarunRaj2024\Project\MyBankDao)
2024-04-05 12:05:21 [main] INFO  c.m.d.i.InsurancedaoApplicationTests - No active profile set, falling back to 1 default profile: "default"
2024-04-05 12:05:21 [main] INFO  o.s.d.r.c.RepositoryConfigurationDelegate - Bootstrapping Spring Data JDBC repositories in DEFAULT mode.
2024-04-05 12:05:21 [main] INFO  o.s.d.r.c.RepositoryConfigurationDelegate - Finished Spring Data repository scanning in 6 ms. Found 0 JDBC repository interfaces.
2024-04-05 12:05:22 [main] INFO  com.zaxxer.hikari.HikariDataSource - HikariPool-1 - Starting...
2024-04-05 12:05:22 [main] WARN  c.z.hikari.util.DriverDataSource - Registered driver with driverClassName=oracle.jdbc.driver.OracleDriver was not found, trying direct instantiation.
2024-04-05 12:05:22 [main] INFO  com.zaxxer.hikari.pool.PoolBase - HikariPool-1 - Driver does not support get/set network timeout for connections. (oracle.jdbc.driver.T4CConnection.getNetworkTimeout()I)
2024-04-05 12:05:22 [main] INFO  com.zaxxer.hikari.HikariDataSource - HikariPool-1 - Start completed.
2024-04-05 12:05:22 [main] INFO  c.m.d.i.InsurancedaoApplicationTests - Started InsurancedaoApplicationTests in 1.471 seconds (JVM running for 3.274)
2024-04-05 12:05:22 [main] WARN  c.m.d.i.r.InsuranceAvailableDbRepo - No data found
2024-04-05 12:05:22 [SpringApplicationShutdownHook] INFO  com.zaxxer.hikari.HikariDataSource - HikariPool-1 - Shutdown initiated...
2024-04-05 12:05:22 [SpringApplicationShutdownHook] INFO  com.zaxxer.hikari.HikariDataSource - HikariPool-1 - Shutdown completed.
2024-04-05 12:06:01 [main] INFO  c.m.d.i.InsurancedaoApplicationTests - Starting InsurancedaoApplicationTests using Java 1.8.0_292 on WPF45CTQ6 with PID 23696 (started by xxrajjjv in C:\Users\xxrajjjv\Desktop\DLTE-java-full-stack-VarunRaj2024\Project\MyBankDao)
2024-04-05 12:06:01 [main] INFO  c.m.d.i.InsurancedaoApplicationTests - No active profile set, falling back to 1 default profile: "default"
2024-04-05 12:06:01 [main] INFO  o.s.d.r.c.RepositoryConfigurationDelegate - Bootstrapping Spring Data JDBC repositories in DEFAULT mode.
2024-04-05 12:06:01 [main] INFO  o.s.d.r.c.RepositoryConfigurationDelegate - Finished Spring Data repository scanning in 9 ms. Found 0 JDBC repository interfaces.
2024-04-05 12:06:02 [main] INFO  com.zaxxer.hikari.HikariDataSource - HikariPool-1 - Starting...
2024-04-05 12:06:02 [main] WARN  c.z.hikari.util.DriverDataSource - Registered driver with driverClassName=oracle.jdbc.driver.OracleDriver was not found, trying direct instantiation.
2024-04-05 12:06:02 [main] INFO  com.zaxxer.hikari.pool.PoolBase - HikariPool-1 - Driver does not support get/set network timeout for connections. (oracle.jdbc.driver.T4CConnection.getNetworkTimeout()I)
2024-04-05 12:06:02 [main] INFO  com.zaxxer.hikari.HikariDataSource - HikariPool-1 - Start completed.
2024-04-05 12:06:02 [main] INFO  c.m.d.i.InsurancedaoApplicationTests - Started InsurancedaoApplicationTests in 1.491 seconds (JVM running for 3.422)
2024-04-05 12:06:02 [SpringApplicationShutdownHook] INFO  com.zaxxer.hikari.HikariDataSource - HikariPool-1 - Shutdown initiated...
2024-04-05 12:06:02 [SpringApplicationShutdownHook] INFO  com.zaxxer.hikari.HikariDataSource - HikariPool-1 - Shutdown completed.
2024-04-05 12:07:44 [main] INFO  c.m.d.i.InsurancedaoApplicationTests - Starting InsurancedaoApplicationTests using Java 1.8.0_292 on WPF45CTQ6 with PID 6568 (started by xxrajjjv in C:\Users\xxrajjjv\Desktop\DLTE-java-full-stack-VarunRaj2024\Project\MyBankDao)
2024-04-05 12:07:44 [main] INFO  c.m.d.i.InsurancedaoApplicationTests - No active profile set, falling back to 1 default profile: "default"
2024-04-05 12:07:44 [main] INFO  o.s.d.r.c.RepositoryConfigurationDelegate - Bootstrapping Spring Data JDBC repositories in DEFAULT mode.
2024-04-05 12:07:44 [main] INFO  o.s.d.r.c.RepositoryConfigurationDelegate - Finished Spring Data repository scanning in 7 ms. Found 0 JDBC repository interfaces.
2024-04-05 12:07:45 [main] INFO  com.zaxxer.hikari.HikariDataSource - HikariPool-1 - Starting...
2024-04-05 12:07:45 [main] WARN  c.z.hikari.util.DriverDataSource - Registered driver with driverClassName=oracle.jdbc.driver.OracleDriver was not found, trying direct instantiation.
2024-04-05 12:07:45 [main] INFO  com.zaxxer.hikari.pool.PoolBase - HikariPool-1 - Driver does not support get/set network timeout for connections. (oracle.jdbc.driver.T4CConnection.getNetworkTimeout()I)
2024-04-05 12:07:45 [main] INFO  com.zaxxer.hikari.HikariDataSource - HikariPool-1 - Start completed.
2024-04-05 12:07:45 [main] INFO  c.m.d.i.InsurancedaoApplicationTests - Started InsurancedaoApplicationTests in 1.397 seconds (JVM running for 3.087)
2024-04-05 12:07:45 [SpringApplicationShutdownHook] INFO  com.zaxxer.hikari.HikariDataSource - HikariPool-1 - Shutdown initiated...
2024-04-05 12:07:45 [SpringApplicationShutdownHook] INFO  com.zaxxer.hikari.HikariDataSource - HikariPool-1 - Shutdown completed.
2024-04-05 12:09:33 [main] INFO  c.m.d.i.InsurancedaoApplicationTests - Starting InsurancedaoApplicationTests using Java 1.8.0_292 on WPF45CTQ6 with PID 2988 (started by xxrajjjv in C:\Users\xxrajjjv\Desktop\DLTE-java-full-stack-VarunRaj2024\Project\MyBankDao)
2024-04-05 12:09:33 [main] INFO  c.m.d.i.InsurancedaoApplicationTests - No active profile set, falling back to 1 default profile: "default"
2024-04-05 12:09:34 [main] INFO  o.s.d.r.c.RepositoryConfigurationDelegate - Bootstrapping Spring Data JDBC repositories in DEFAULT mode.
2024-04-05 12:09:34 [main] INFO  o.s.d.r.c.RepositoryConfigurationDelegate - Finished Spring Data repository scanning in 6 ms. Found 0 JDBC repository interfaces.
2024-04-05 12:09:34 [main] INFO  com.zaxxer.hikari.HikariDataSource - HikariPool-1 - Starting...
2024-04-05 12:09:34 [main] WARN  c.z.hikari.util.DriverDataSource - Registered driver with driverClassName=oracle.jdbc.driver.OracleDriver was not found, trying direct instantiation.
2024-04-05 12:09:34 [main] INFO  com.zaxxer.hikari.pool.PoolBase - HikariPool-1 - Driver does not support get/set network timeout for connections. (oracle.jdbc.driver.T4CConnection.getNetworkTimeout()I)
2024-04-05 12:09:34 [main] INFO  com.zaxxer.hikari.HikariDataSource - HikariPool-1 - Start completed.
2024-04-05 12:09:34 [main] INFO  c.m.d.i.InsurancedaoApplicationTests - Started InsurancedaoApplicationTests in 1.471 seconds (JVM running for 3.134)
2024-04-05 12:09:34 [SpringApplicationShutdownHook] INFO  com.zaxxer.hikari.HikariDataSource - HikariPool-1 - Shutdown initiated...
2024-04-05 12:09:34 [SpringApplicationShutdownHook] INFO  com.zaxxer.hikari.HikariDataSource - HikariPool-1 - Shutdown completed.
2024-04-05 14:13:53 [main] INFO  c.m.d.i.InsurancedaoApplicationTests - Starting InsurancedaoApplicationTests using Java 1.8.0_292 on WPF45CTQ6 with PID 14876 (started by xxrajjjv in C:\Users\xxrajjjv\Desktop\DLTE-java-full-stack-VarunRaj2024\Project\MyBankDao)
2024-04-05 14:13:53 [main] INFO  c.m.d.i.InsurancedaoApplicationTests - No active profile set, falling back to 1 default profile: "default"
2024-04-05 14:13:53 [main] INFO  o.s.d.r.c.RepositoryConfigurationDelegate - Bootstrapping Spring Data JDBC repositories in DEFAULT mode.
2024-04-05 14:13:53 [main] INFO  o.s.d.r.c.RepositoryConfigurationDelegate - Finished Spring Data repository scanning in 8 ms. Found 0 JDBC repository interfaces.
2024-04-05 14:13:54 [main] INFO  com.zaxxer.hikari.HikariDataSource - HikariPool-1 - Starting...
2024-04-05 14:13:54 [main] WARN  c.z.hikari.util.DriverDataSource - Registered driver with driverClassName=oracle.jdbc.driver.OracleDriver was not found, trying direct instantiation.
2024-04-05 14:13:54 [main] INFO  com.zaxxer.hikari.pool.PoolBase - HikariPool-1 - Driver does not support get/set network timeout for connections. (oracle.jdbc.driver.T4CConnection.getNetworkTimeout()I)
2024-04-05 14:13:54 [main] INFO  com.zaxxer.hikari.HikariDataSource - HikariPool-1 - Start completed.
2024-04-05 14:13:54 [main] INFO  c.m.d.i.InsurancedaoApplicationTests - Started InsurancedaoApplicationTests in 1.562 seconds (JVM running for 3.616)
2024-04-05 14:13:54 [SpringApplicationShutdownHook] INFO  com.zaxxer.hikari.HikariDataSource - HikariPool-1 - Shutdown initiated...
2024-04-05 14:13:54 [SpringApplicationShutdownHook] INFO  com.zaxxer.hikari.HikariDataSource - HikariPool-1 - Shutdown completed.
2024-04-05 14:14:16 [main] INFO  c.m.d.i.InsurancedaoApplicationTests - Starting InsurancedaoApplicationTests using Java 1.8.0_292 on WPF45CTQ6 with PID 6284 (started by xxrajjjv in C:\Users\xxrajjjv\Desktop\DLTE-java-full-stack-VarunRaj2024\Project\MyBankDao)
2024-04-05 14:14:16 [main] INFO  c.m.d.i.InsurancedaoApplicationTests - No active profile set, falling back to 1 default profile: "default"
2024-04-05 14:14:16 [main] INFO  o.s.d.r.c.RepositoryConfigurationDelegate - Bootstrapping Spring Data JDBC repositories in DEFAULT mode.
2024-04-05 14:14:16 [main] INFO  o.s.d.r.c.RepositoryConfigurationDelegate - Finished Spring Data repository scanning in 9 ms. Found 0 JDBC repository interfaces.
2024-04-05 14:14:16 [main] INFO  com.zaxxer.hikari.HikariDataSource - HikariPool-1 - Starting...
2024-04-05 14:14:16 [main] WARN  c.z.hikari.util.DriverDataSource - Registered driver with driverClassName=oracle.jdbc.driver.OracleDriver was not found, trying direct instantiation.
2024-04-05 14:14:17 [main] INFO  com.zaxxer.hikari.pool.PoolBase - HikariPool-1 - Driver does not support get/set network timeout for connections. (oracle.jdbc.driver.T4CConnection.getNetworkTimeout()I)
2024-04-05 14:14:17 [main] INFO  com.zaxxer.hikari.HikariDataSource - HikariPool-1 - Start completed.
2024-04-05 14:14:17 [main] INFO  c.m.d.i.InsurancedaoApplicationTests - Started InsurancedaoApplicationTests in 1.412 seconds (JVM running for 3.06)
2024-04-05 14:14:17 [SpringApplicationShutdownHook] INFO  com.zaxxer.hikari.HikariDataSource - HikariPool-1 - Shutdown initiated...
2024-04-05 14:14:17 [SpringApplicationShutdownHook] INFO  com.zaxxer.hikari.HikariDataSource - HikariPool-1 - Shutdown completed.
2024-04-05 14:14:29 [restartedMain] INFO  c.m.d.i.InsurancedaoApplication - Starting InsurancedaoApplication using Java 1.8.0_292 on WPF45CTQ6 with PID 12964 (C:\Users\xxrajjjv\Desktop\DLTE-java-full-stack-VarunRaj2024\Project\MyBankDao\target\classes started by xxrajjjv in C:\Users\xxrajjjv\Desktop\DLTE-java-full-stack-VarunRaj2024\Project\MyBankDao)
2024-04-05 14:14:29 [restartedMain] INFO  c.m.d.i.InsurancedaoApplication - No active profile set, falling back to 1 default profile: "default"
2024-04-05 14:14:29 [restartedMain] INFO  o.s.b.d.restart.ChangeableUrls - The Class-Path manifest attribute in C:\Users\xxrajjjv\.m2\repository\com\oracle\database\security\oraclepki\21.5.0.0\oraclepki-21.5.0.0.jar referenced one or more files that do not exist: file:/C:/Users/xxrajjjv/.m2/repository/com/oracle/database/security/oraclepki/21.5.0.0/osdt_core.jar,file:/C:/Users/xxrajjjv/.m2/repository/com/oracle/database/security/oraclepki/21.5.0.0/osdt_cert.jar,file:/C:/Users/xxrajjjv/.m2/repository/com/oracle/database/security/oraclepki/oracle.osdt/osdt_core.jar,file:/C:/Users/xxrajjjv/.m2/repository/com/oracle/database/security/oraclepki/oracle.osdt/osdt_cert.jar
2024-04-05 14:14:29 [restartedMain] INFO  o.s.b.d.e.DevToolsPropertyDefaultsPostProcessor - Devtools property defaults active! Set 'spring.devtools.add-properties' to 'false' to disable
2024-04-05 14:14:30 [restartedMain] INFO  o.s.d.r.c.RepositoryConfigurationDelegate - Bootstrapping Spring Data JDBC repositories in DEFAULT mode.
2024-04-05 14:14:30 [restartedMain] INFO  o.s.d.r.c.RepositoryConfigurationDelegate - Finished Spring Data repository scanning in 5 ms. Found 0 JDBC repository interfaces.
2024-04-05 14:14:30 [restartedMain] INFO  com.zaxxer.hikari.HikariDataSource - HikariPool-1 - Starting...
2024-04-05 14:14:30 [restartedMain] WARN  c.z.hikari.util.DriverDataSource - Registered driver with driverClassName=oracle.jdbc.driver.OracleDriver was not found, trying direct instantiation.
2024-04-05 14:14:30 [restartedMain] INFO  com.zaxxer.hikari.pool.PoolBase - HikariPool-1 - Driver does not support get/set network timeout for connections. (oracle.jdbc.driver.T4CConnection.getNetworkTimeout()I)
2024-04-05 14:14:30 [restartedMain] INFO  com.zaxxer.hikari.HikariDataSource - HikariPool-1 - Start completed.
2024-04-05 14:14:30 [restartedMain] WARN  o.s.b.d.a.OptionalLiveReloadServer - Unable to start LiveReload server
2024-04-05 14:14:30 [restartedMain] INFO  c.m.d.i.InsurancedaoApplication - Started InsurancedaoApplication in 1.086 seconds (JVM running for 1.658)
2024-04-05 14:14:30 [SpringApplicationShutdownHook] INFO  com.zaxxer.hikari.HikariDataSource - HikariPool-1 - Shutdown initiated...
2024-04-05 14:14:30 [SpringApplicationShutdownHook] INFO  com.zaxxer.hikari.HikariDataSource - HikariPool-1 - Shutdown completed.
2024-04-05 14:15:33 [main] INFO  c.m.d.i.InsurancedaoApplicationTests - Starting InsurancedaoApplicationTests using Java 1.8.0_292 on WPF45CTQ6 with PID 19592 (started by xxrajjjv in C:\Users\xxrajjjv\Desktop\DLTE-java-full-stack-VarunRaj2024\Project\MyBankDao)
2024-04-05 14:15:33 [main] INFO  c.m.d.i.InsurancedaoApplicationTests - No active profile set, falling back to 1 default profile: "default"
2024-04-05 14:15:34 [main] INFO  o.s.d.r.c.RepositoryConfigurationDelegate - Bootstrapping Spring Data JDBC repositories in DEFAULT mode.
2024-04-05 14:15:34 [main] INFO  o.s.d.r.c.RepositoryConfigurationDelegate - Finished Spring Data repository scanning in 13 ms. Found 0 JDBC repository interfaces.
2024-04-05 14:15:34 [main] INFO  com.zaxxer.hikari.HikariDataSource - HikariPool-1 - Starting...
2024-04-05 14:15:34 [main] WARN  c.z.hikari.util.DriverDataSource - Registered driver with driverClassName=oracle.jdbc.driver.OracleDriver was not found, trying direct instantiation.
2024-04-05 14:15:34 [main] INFO  com.zaxxer.hikari.pool.PoolBase - HikariPool-1 - Driver does not support get/set network timeout for connections. (oracle.jdbc.driver.T4CConnection.getNetworkTimeout()I)
2024-04-05 14:15:34 [main] INFO  com.zaxxer.hikari.HikariDataSource - HikariPool-1 - Start completed.
2024-04-05 14:15:34 [main] INFO  c.m.d.i.InsurancedaoApplicationTests - Started InsurancedaoApplicationTests in 1.513 seconds (JVM running for 3.29)
2024-04-05 14:15:35 [SpringApplicationShutdownHook] INFO  com.zaxxer.hikari.HikariDataSource - HikariPool-1 - Shutdown initiated...
2024-04-05 14:15:35 [SpringApplicationShutdownHook] INFO  com.zaxxer.hikari.HikariDataSource - HikariPool-1 - Shutdown completed.
2024-04-05 15:33:15 [main] INFO  c.m.d.i.InsurancedaoApplicationTests - Starting InsurancedaoApplicationTests using Java 1.8.0_292 on WPF45CTQ6 with PID 21620 (started by xxrajjjv in C:\Users\xxrajjjv\Desktop\DLTE-java-full-stack-VarunRaj2024\Project\MyBankDao)
2024-04-05 15:33:15 [main] INFO  c.m.d.i.InsurancedaoApplicationTests - No active profile set, falling back to 1 default profile: "default"
2024-04-05 15:33:15 [main] INFO  o.s.d.r.c.RepositoryConfigurationDelegate - Bootstrapping Spring Data JDBC repositories in DEFAULT mode.
2024-04-05 15:33:15 [main] INFO  o.s.d.r.c.RepositoryConfigurationDelegate - Finished Spring Data repository scanning in 6 ms. Found 0 JDBC repository interfaces.
2024-04-05 15:33:16 [main] INFO  com.zaxxer.hikari.HikariDataSource - HikariPool-1 - Starting...
2024-04-05 15:33:16 [main] WARN  c.z.hikari.util.DriverDataSource - Registered driver with driverClassName=oracle.jdbc.driver.OracleDriver was not found, trying direct instantiation.
2024-04-05 15:33:16 [main] INFO  com.zaxxer.hikari.pool.PoolBase - HikariPool-1 - Driver does not support get/set network timeout for connections. (oracle.jdbc.driver.T4CConnection.getNetworkTimeout()I)
2024-04-05 15:33:16 [main] INFO  com.zaxxer.hikari.HikariDataSource - HikariPool-1 - Start completed.
2024-04-05 15:33:16 [main] INFO  c.m.d.i.InsurancedaoApplicationTests - Started InsurancedaoApplicationTests in 1.575 seconds (JVM running for 3.451)
2024-04-05 15:33:16 [main] WARN  c.m.d.i.r.InsuranceAvailableDbRepo - No data found
2024-04-05 15:33:16 [SpringApplicationShutdownHook] INFO  com.zaxxer.hikari.HikariDataSource - HikariPool-1 - Shutdown initiated...
2024-04-05 15:33:16 [SpringApplicationShutdownHook] INFO  com.zaxxer.hikari.HikariDataSource - HikariPool-1 - Shutdown completed.
2024-04-05 15:33:38 [main] INFO  c.m.d.i.InsurancedaoApplicationTests - Starting InsurancedaoApplicationTests using Java 1.8.0_292 on WPF45CTQ6 with PID 12376 (started by xxrajjjv in C:\Users\xxrajjjv\Desktop\DLTE-java-full-stack-VarunRaj2024\Project\MyBankDao)
2024-04-05 15:33:38 [main] INFO  c.m.d.i.InsurancedaoApplicationTests - No active profile set, falling back to 1 default profile: "default"
2024-04-05 15:33:38 [main] INFO  o.s.d.r.c.RepositoryConfigurationDelegate - Bootstrapping Spring Data JDBC repositories in DEFAULT mode.
2024-04-05 15:33:38 [main] INFO  o.s.d.r.c.RepositoryConfigurationDelegate - Finished Spring Data repository scanning in 9 ms. Found 0 JDBC repository interfaces.
2024-04-05 15:33:38 [main] INFO  com.zaxxer.hikari.HikariDataSource - HikariPool-1 - Starting...
2024-04-05 15:33:38 [main] WARN  c.z.hikari.util.DriverDataSource - Registered driver with driverClassName=oracle.jdbc.driver.OracleDriver was not found, trying direct instantiation.
2024-04-05 15:33:39 [main] INFO  com.zaxxer.hikari.pool.PoolBase - HikariPool-1 - Driver does not support get/set network timeout for connections. (oracle.jdbc.driver.T4CConnection.getNetworkTimeout()I)
2024-04-05 15:33:39 [main] INFO  com.zaxxer.hikari.HikariDataSource - HikariPool-1 - Start completed.
2024-04-05 15:33:39 [main] INFO  c.m.d.i.InsurancedaoApplicationTests - Started InsurancedaoApplicationTests in 1.397 seconds (JVM running for 3.069)
2024-04-05 15:33:39 [SpringApplicationShutdownHook] INFO  com.zaxxer.hikari.HikariDataSource - HikariPool-1 - Shutdown initiated...
2024-04-05 15:33:39 [SpringApplicationShutdownHook] INFO  com.zaxxer.hikari.HikariDataSource - HikariPool-1 - Shutdown completed.
2024-04-05 15:35:01 [main] INFO  c.m.d.i.InsurancedaoApplicationTests - Starting InsurancedaoApplicationTests using Java 1.8.0_292 on WPF45CTQ6 with PID 23476 (started by xxrajjjv in C:\Users\xxrajjjv\Desktop\DLTE-java-full-stack-VarunRaj2024\Project\MyBankDao)
2024-04-05 15:35:01 [main] INFO  c.m.d.i.InsurancedaoApplicationTests - No active profile set, falling back to 1 default profile: "default"
2024-04-05 15:35:01 [main] INFO  o.s.d.r.c.RepositoryConfigurationDelegate - Bootstrapping Spring Data JDBC repositories in DEFAULT mode.
2024-04-05 15:35:01 [main] INFO  o.s.d.r.c.RepositoryConfigurationDelegate - Finished Spring Data repository scanning in 6 ms. Found 0 JDBC repository interfaces.
2024-04-05 15:35:02 [main] INFO  com.zaxxer.hikari.HikariDataSource - HikariPool-1 - Starting...
2024-04-05 15:35:02 [main] WARN  c.z.hikari.util.DriverDataSource - Registered driver with driverClassName=oracle.jdbc.driver.OracleDriver was not found, trying direct instantiation.
2024-04-05 15:35:02 [main] INFO  com.zaxxer.hikari.pool.PoolBase - HikariPool-1 - Driver does not support get/set network timeout for connections. (oracle.jdbc.driver.T4CConnection.getNetworkTimeout()I)
2024-04-05 15:35:02 [main] INFO  com.zaxxer.hikari.HikariDataSource - HikariPool-1 - Start completed.
2024-04-05 15:35:02 [main] INFO  c.m.d.i.InsurancedaoApplicationTests - Started InsurancedaoApplicationTests in 1.435 seconds (JVM running for 3.077)
2024-04-05 15:35:02 [main] WARN  c.m.d.i.r.InsuranceAvailableDbRepo - No data found
2024-04-05 15:35:02 [SpringApplicationShutdownHook] INFO  com.zaxxer.hikari.HikariDataSource - HikariPool-1 - Shutdown initiated...
2024-04-05 15:35:02 [SpringApplicationShutdownHook] INFO  com.zaxxer.hikari.HikariDataSource - HikariPool-1 - Shutdown completed.
2024-04-05 15:36:02 [main] INFO  c.m.d.i.InsurancedaoApplicationTests - Starting InsurancedaoApplicationTests using Java 1.8.0_292 on WPF45CTQ6 with PID 2076 (started by xxrajjjv in C:\Users\xxrajjjv\Desktop\DLTE-java-full-stack-VarunRaj2024\Project\MyBankDao)
2024-04-05 15:36:02 [main] INFO  c.m.d.i.InsurancedaoApplicationTests - No active profile set, falling back to 1 default profile: "default"
2024-04-05 15:36:02 [main] INFO  o.s.d.r.c.RepositoryConfigurationDelegate - Bootstrapping Spring Data JDBC repositories in DEFAULT mode.
2024-04-05 15:36:02 [main] INFO  o.s.d.r.c.RepositoryConfigurationDelegate - Finished Spring Data repository scanning in 10 ms. Found 0 JDBC repository interfaces.
2024-04-05 15:36:03 [main] INFO  com.zaxxer.hikari.HikariDataSource - HikariPool-1 - Starting...
2024-04-05 15:36:03 [main] WARN  c.z.hikari.util.DriverDataSource - Registered driver with driverClassName=oracle.jdbc.driver.OracleDriver was not found, trying direct instantiation.
2024-04-05 15:36:03 [main] INFO  com.zaxxer.hikari.pool.PoolBase - HikariPool-1 - Driver does not support get/set network timeout for connections. (oracle.jdbc.driver.T4CConnection.getNetworkTimeout()I)
2024-04-05 15:36:03 [main] INFO  com.zaxxer.hikari.HikariDataSource - HikariPool-1 - Start completed.
2024-04-05 15:36:03 [main] INFO  c.m.d.i.InsurancedaoApplicationTests - Started InsurancedaoApplicationTests in 1.555 seconds (JVM running for 3.173)
2024-04-05 15:36:03 [SpringApplicationShutdownHook] INFO  com.zaxxer.hikari.HikariDataSource - HikariPool-1 - Shutdown initiated...
2024-04-05 15:36:04 [SpringApplicationShutdownHook] INFO  com.zaxxer.hikari.HikariDataSource - HikariPool-1 - Shutdown completed.
2024-04-05 15:36:32 [main] INFO  c.m.d.i.InsurancedaoApplicationTests - Starting InsurancedaoApplicationTests using Java 1.8.0_292 on WPF45CTQ6 with PID 10384 (started by xxrajjjv in C:\Users\xxrajjjv\Desktop\DLTE-java-full-stack-VarunRaj2024\Project\MyBankDao)
2024-04-05 15:36:32 [main] INFO  c.m.d.i.InsurancedaoApplicationTests - No active profile set, falling back to 1 default profile: "default"
2024-04-05 15:36:32 [main] INFO  o.s.d.r.c.RepositoryConfigurationDelegate - Bootstrapping Spring Data JDBC repositories in DEFAULT mode.
2024-04-05 15:36:32 [main] INFO  o.s.d.r.c.RepositoryConfigurationDelegate - Finished Spring Data repository scanning in 8 ms. Found 0 JDBC repository interfaces.
2024-04-05 15:36:33 [main] INFO  com.zaxxer.hikari.HikariDataSource - HikariPool-1 - Starting...
2024-04-05 15:36:33 [main] WARN  c.z.hikari.util.DriverDataSource - Registered driver with driverClassName=oracle.jdbc.driver.OracleDriver was not found, trying direct instantiation.
2024-04-05 15:36:33 [main] INFO  com.zaxxer.hikari.pool.PoolBase - HikariPool-1 - Driver does not support get/set network timeout for connections. (oracle.jdbc.driver.T4CConnection.getNetworkTimeout()I)
2024-04-05 15:36:33 [main] INFO  com.zaxxer.hikari.HikariDataSource - HikariPool-1 - Start completed.
2024-04-05 15:36:33 [main] INFO  c.m.d.i.InsurancedaoApplicationTests - Started InsurancedaoApplicationTests in 1.548 seconds (JVM running for 3.294)
2024-04-05 15:36:33 [SpringApplicationShutdownHook] INFO  com.zaxxer.hikari.HikariDataSource - HikariPool-1 - Shutdown initiated...
2024-04-05 15:36:33 [SpringApplicationShutdownHook] INFO  com.zaxxer.hikari.HikariDataSource - HikariPool-1 - Shutdown completed.
2024-04-05 15:37:03 [main] INFO  c.m.d.i.InsurancedaoApplicationTests - Starting InsurancedaoApplicationTests using Java 1.8.0_292 on WPF45CTQ6 with PID 19716 (started by xxrajjjv in C:\Users\xxrajjjv\Desktop\DLTE-java-full-stack-VarunRaj2024\Project\MyBankDao)
2024-04-05 15:37:03 [main] INFO  c.m.d.i.InsurancedaoApplicationTests - No active profile set, falling back to 1 default profile: "default"
2024-04-05 15:37:04 [main] INFO  o.s.d.r.c.RepositoryConfigurationDelegate - Bootstrapping Spring Data JDBC repositories in DEFAULT mode.
2024-04-05 15:37:04 [main] INFO  o.s.d.r.c.RepositoryConfigurationDelegate - Finished Spring Data repository scanning in 9 ms. Found 0 JDBC repository interfaces.
2024-04-05 15:37:04 [main] INFO  com.zaxxer.hikari.HikariDataSource - HikariPool-1 - Starting...
2024-04-05 15:37:04 [main] WARN  c.z.hikari.util.DriverDataSource - Registered driver with driverClassName=oracle.jdbc.driver.OracleDriver was not found, trying direct instantiation.
2024-04-05 15:37:05 [main] INFO  com.zaxxer.hikari.pool.PoolBase - HikariPool-1 - Driver does not support get/set network timeout for connections. (oracle.jdbc.driver.T4CConnection.getNetworkTimeout()I)
2024-04-05 15:37:05 [main] INFO  com.zaxxer.hikari.HikariDataSource - HikariPool-1 - Start completed.
2024-04-05 15:37:05 [main] INFO  c.m.d.i.InsurancedaoApplicationTests - Started InsurancedaoApplicationTests in 1.948 seconds (JVM running for 4.408)
2024-04-05 15:37:05 [SpringApplicationShutdownHook] INFO  com.zaxxer.hikari.HikariDataSource - HikariPool-1 - Shutdown initiated...
2024-04-05 15:37:05 [SpringApplicationShutdownHook] INFO  com.zaxxer.hikari.HikariDataSource - HikariPool-1 - Shutdown completed.
2024-04-05 15:37:36 [main] INFO  c.m.d.i.InsurancedaoApplicationTests - Starting InsurancedaoApplicationTests using Java 1.8.0_292 on WPF45CTQ6 with PID 13988 (started by xxrajjjv in C:\Users\xxrajjjv\Desktop\DLTE-java-full-stack-VarunRaj2024\Project\MyBankDao)
2024-04-05 15:37:36 [main] INFO  c.m.d.i.InsurancedaoApplicationTests - No active profile set, falling back to 1 default profile: "default"
2024-04-05 15:37:36 [main] INFO  o.s.d.r.c.RepositoryConfigurationDelegate - Bootstrapping Spring Data JDBC repositories in DEFAULT mode.
2024-04-05 15:37:36 [main] INFO  o.s.d.r.c.RepositoryConfigurationDelegate - Finished Spring Data repository scanning in 8 ms. Found 0 JDBC repository interfaces.
2024-04-05 15:37:37 [main] INFO  com.zaxxer.hikari.HikariDataSource - HikariPool-1 - Starting...
2024-04-05 15:37:37 [main] WARN  c.z.hikari.util.DriverDataSource - Registered driver with driverClassName=oracle.jdbc.driver.OracleDriver was not found, trying direct instantiation.
2024-04-05 15:37:37 [main] INFO  com.zaxxer.hikari.pool.PoolBase - HikariPool-1 - Driver does not support get/set network timeout for connections. (oracle.jdbc.driver.T4CConnection.getNetworkTimeout()I)
2024-04-05 15:37:37 [main] INFO  com.zaxxer.hikari.HikariDataSource - HikariPool-1 - Start completed.
2024-04-05 15:37:37 [main] INFO  c.m.d.i.InsurancedaoApplicationTests - Started InsurancedaoApplicationTests in 1.431 seconds (JVM running for 3.087)
2024-04-05 15:37:37 [SpringApplicationShutdownHook] INFO  com.zaxxer.hikari.HikariDataSource - HikariPool-1 - Shutdown initiated...
2024-04-05 15:37:37 [SpringApplicationShutdownHook] INFO  com.zaxxer.hikari.HikariDataSource - HikariPool-1 - Shutdown completed.
2024-04-05 15:39:21 [main] INFO  c.m.d.i.InsurancedaoApplicationTests - Starting InsurancedaoApplicationTests using Java 1.8.0_292 on WPF45CTQ6 with PID 23772 (started by xxrajjjv in C:\Users\xxrajjjv\Desktop\DLTE-java-full-stack-VarunRaj2024\Project\MyBankDao)
2024-04-05 15:39:21 [main] INFO  c.m.d.i.InsurancedaoApplicationTests - No active profile set, falling back to 1 default profile: "default"
2024-04-05 15:39:21 [main] INFO  o.s.d.r.c.RepositoryConfigurationDelegate - Bootstrapping Spring Data JDBC repositories in DEFAULT mode.
2024-04-05 15:39:21 [main] INFO  o.s.d.r.c.RepositoryConfigurationDelegate - Finished Spring Data repository scanning in 10 ms. Found 0 JDBC repository interfaces.
2024-04-05 15:39:21 [main] INFO  com.zaxxer.hikari.HikariDataSource - HikariPool-1 - Starting...
2024-04-05 15:39:21 [main] WARN  c.z.hikari.util.DriverDataSource - Registered driver with driverClassName=oracle.jdbc.driver.OracleDriver was not found, trying direct instantiation.
2024-04-05 15:39:22 [main] INFO  com.zaxxer.hikari.pool.PoolBase - HikariPool-1 - Driver does not support get/set network timeout for connections. (oracle.jdbc.driver.T4CConnection.getNetworkTimeout()I)
2024-04-05 15:39:22 [main] INFO  com.zaxxer.hikari.HikariDataSource - HikariPool-1 - Start completed.
2024-04-05 15:39:22 [main] INFO  c.m.d.i.InsurancedaoApplicationTests - Started InsurancedaoApplicationTests in 1.406 seconds (JVM running for 3.033)
2024-04-05 15:39:22 [main] WARN  c.m.d.i.r.InsuranceAvailableDbRepo - No data found
2024-04-05 15:39:22 [SpringApplicationShutdownHook] INFO  com.zaxxer.hikari.HikariDataSource - HikariPool-1 - Shutdown initiated...
2024-04-05 15:39:22 [SpringApplicationShutdownHook] INFO  com.zaxxer.hikari.HikariDataSource - HikariPool-1 - Shutdown completed.
2024-04-05 15:39:39 [main] INFO  c.m.d.i.InsurancedaoApplicationTests - Starting InsurancedaoApplicationTests using Java 1.8.0_292 on WPF45CTQ6 with PID 19112 (started by xxrajjjv in C:\Users\xxrajjjv\Desktop\DLTE-java-full-stack-VarunRaj2024\Project\MyBankDao)
2024-04-05 15:39:39 [main] INFO  c.m.d.i.InsurancedaoApplicationTests - No active profile set, falling back to 1 default profile: "default"
2024-04-05 15:39:40 [main] INFO  o.s.d.r.c.RepositoryConfigurationDelegate - Bootstrapping Spring Data JDBC repositories in DEFAULT mode.
2024-04-05 15:39:40 [main] INFO  o.s.d.r.c.RepositoryConfigurationDelegate - Finished Spring Data repository scanning in 6 ms. Found 0 JDBC repository interfaces.
2024-04-05 15:39:40 [main] INFO  com.zaxxer.hikari.HikariDataSource - HikariPool-1 - Starting...
2024-04-05 15:39:40 [main] WARN  c.z.hikari.util.DriverDataSource - Registered driver with driverClassName=oracle.jdbc.driver.OracleDriver was not found, trying direct instantiation.
2024-04-05 15:39:40 [main] INFO  com.zaxxer.hikari.pool.PoolBase - HikariPool-1 - Driver does not support get/set network timeout for connections. (oracle.jdbc.driver.T4CConnection.getNetworkTimeout()I)
2024-04-05 15:39:40 [main] INFO  com.zaxxer.hikari.HikariDataSource - HikariPool-1 - Start completed.
2024-04-05 15:39:40 [main] INFO  c.m.d.i.InsurancedaoApplicationTests - Started InsurancedaoApplicationTests in 1.414 seconds (JVM running for 3.047)
2024-04-05 15:39:41 [main] WARN  c.m.d.i.r.InsuranceAvailableDbRepo - No data found
2024-04-05 15:39:41 [SpringApplicationShutdownHook] INFO  com.zaxxer.hikari.HikariDataSource - HikariPool-1 - Shutdown initiated...
2024-04-05 15:39:41 [SpringApplicationShutdownHook] INFO  com.zaxxer.hikari.HikariDataSource - HikariPool-1 - Shutdown completed.
2024-04-05 15:41:59 [main] INFO  c.m.d.i.InsurancedaoApplicationTests - Starting InsurancedaoApplicationTests using Java 1.8.0_292 on WPF45CTQ6 with PID 9276 (started by xxrajjjv in C:\Users\xxrajjjv\Desktop\DLTE-java-full-stack-VarunRaj2024\Project\MyBankDao)
2024-04-05 15:41:59 [main] INFO  c.m.d.i.InsurancedaoApplicationTests - No active profile set, falling back to 1 default profile: "default"
2024-04-05 15:42:00 [main] INFO  o.s.d.r.c.RepositoryConfigurationDelegate - Bootstrapping Spring Data JDBC repositories in DEFAULT mode.
2024-04-05 15:42:00 [main] INFO  o.s.d.r.c.RepositoryConfigurationDelegate - Finished Spring Data repository scanning in 6 ms. Found 0 JDBC repository interfaces.
2024-04-05 15:42:00 [main] INFO  com.zaxxer.hikari.HikariDataSource - HikariPool-1 - Starting...
2024-04-05 15:42:00 [main] WARN  c.z.hikari.util.DriverDataSource - Registered driver with driverClassName=oracle.jdbc.driver.OracleDriver was not found, trying direct instantiation.
2024-04-05 15:42:00 [main] INFO  com.zaxxer.hikari.pool.PoolBase - HikariPool-1 - Driver does not support get/set network timeout for connections. (oracle.jdbc.driver.T4CConnection.getNetworkTimeout()I)
2024-04-05 15:42:00 [main] INFO  com.zaxxer.hikari.HikariDataSource - HikariPool-1 - Start completed.
2024-04-05 15:42:00 [main] INFO  c.m.d.i.InsurancedaoApplicationTests - Started InsurancedaoApplicationTests in 1.476 seconds (JVM running for 3.043)
2024-04-05 15:42:00 [main] WARN  c.m.d.i.r.InsuranceAvailableDbRepo - No data found
2024-04-05 15:42:01 [SpringApplicationShutdownHook] INFO  com.zaxxer.hikari.HikariDataSource - HikariPool-1 - Shutdown initiated...
2024-04-05 15:42:01 [SpringApplicationShutdownHook] INFO  com.zaxxer.hikari.HikariDataSource - HikariPool-1 - Shutdown completed.
2024-04-05 15:48:48 [main] INFO  c.m.d.i.InsurancedaoApplicationTests - Starting InsurancedaoApplicationTests using Java 1.8.0_292 on WPF45CTQ6 with PID 10260 (started by xxrajjjv in C:\Users\xxrajjjv\Desktop\DLTE-java-full-stack-VarunRaj2024\Project\MyBankDao)
2024-04-05 15:48:48 [main] INFO  c.m.d.i.InsurancedaoApplicationTests - No active profile set, falling back to 1 default profile: "default"
2024-04-05 15:48:48 [main] INFO  o.s.d.r.c.RepositoryConfigurationDelegate - Bootstrapping Spring Data JDBC repositories in DEFAULT mode.
2024-04-05 15:48:48 [main] INFO  o.s.d.r.c.RepositoryConfigurationDelegate - Finished Spring Data repository scanning in 5 ms. Found 0 JDBC repository interfaces.
2024-04-05 15:48:49 [main] INFO  com.zaxxer.hikari.HikariDataSource - HikariPool-1 - Starting...
2024-04-05 15:48:49 [main] WARN  c.z.hikari.util.DriverDataSource - Registered driver with driverClassName=oracle.jdbc.driver.OracleDriver was not found, trying direct instantiation.
2024-04-05 15:48:49 [main] INFO  com.zaxxer.hikari.pool.PoolBase - HikariPool-1 - Driver does not support get/set network timeout for connections. (oracle.jdbc.driver.T4CConnection.getNetworkTimeout()I)
2024-04-05 15:48:49 [main] INFO  com.zaxxer.hikari.HikariDataSource - HikariPool-1 - Start completed.
2024-04-05 15:48:49 [main] INFO  c.m.d.i.InsurancedaoApplicationTests - Started InsurancedaoApplicationTests in 1.49 seconds (JVM running for 2.758)
2024-04-05 15:48:49 [main] WARN  c.m.d.i.r.InsuranceAvailableDbRepo - No data found
2024-04-05 15:48:49 [SpringApplicationShutdownHook] INFO  com.zaxxer.hikari.HikariDataSource - HikariPool-1 - Shutdown initiated...
2024-04-05 15:48:49 [SpringApplicationShutdownHook] INFO  com.zaxxer.hikari.HikariDataSource - HikariPool-1 - Shutdown completed.
2024-04-05 15:50:28 [main] INFO  c.m.d.i.InsurancedaoApplicationTests - Starting InsurancedaoApplicationTests using Java 1.8.0_292 on WPF45CTQ6 with PID 10288 (started by xxrajjjv in C:\Users\xxrajjjv\Desktop\DLTE-java-full-stack-VarunRaj2024\Project\MyBankDao)
2024-04-05 15:50:28 [main] INFO  c.m.d.i.InsurancedaoApplicationTests - No active profile set, falling back to 1 default profile: "default"
2024-04-05 15:50:28 [main] INFO  o.s.d.r.c.RepositoryConfigurationDelegate - Bootstrapping Spring Data JDBC repositories in DEFAULT mode.
2024-04-05 15:50:28 [main] INFO  o.s.d.r.c.RepositoryConfigurationDelegate - Finished Spring Data repository scanning in 7 ms. Found 0 JDBC repository interfaces.
2024-04-05 15:50:29 [main] INFO  com.zaxxer.hikari.HikariDataSource - HikariPool-1 - Starting...
2024-04-05 15:50:29 [main] WARN  c.z.hikari.util.DriverDataSource - Registered driver with driverClassName=oracle.jdbc.driver.OracleDriver was not found, trying direct instantiation.
2024-04-05 15:50:29 [main] INFO  com.zaxxer.hikari.pool.PoolBase - HikariPool-1 - Driver does not support get/set network timeout for connections. (oracle.jdbc.driver.T4CConnection.getNetworkTimeout()I)
2024-04-05 15:50:29 [main] INFO  com.zaxxer.hikari.HikariDataSource - HikariPool-1 - Start completed.
2024-04-05 15:50:29 [main] INFO  c.m.d.i.InsurancedaoApplicationTests - Started InsurancedaoApplicationTests in 1.524 seconds (JVM running for 2.851)
2024-04-05 15:50:29 [main] WARN  c.m.d.i.r.InsuranceAvailableDbRepo - No data found
2024-04-05 15:50:29 [SpringApplicationShutdownHook] INFO  com.zaxxer.hikari.HikariDataSource - HikariPool-1 - Shutdown initiated...
2024-04-05 15:50:29 [SpringApplicationShutdownHook] INFO  com.zaxxer.hikari.HikariDataSource - HikariPool-1 - Shutdown completed.
2024-04-05 15:53:14 [restartedMain] INFO  c.m.d.i.InsurancedaoApplication - Starting InsurancedaoApplication using Java 1.8.0_292 on WPF45CTQ6 with PID 25864 (C:\Users\xxrajjjv\Desktop\DLTE-java-full-stack-VarunRaj2024\Project\MyBankDao\target\classes started by xxrajjjv in C:\Users\xxrajjjv\Desktop\DLTE-java-full-stack-VarunRaj2024\Project\MyBankDao)
2024-04-05 15:53:14 [restartedMain] INFO  c.m.d.i.InsurancedaoApplication - No active profile set, falling back to 1 default profile: "default"
2024-04-05 15:53:14 [restartedMain] INFO  o.s.b.d.restart.ChangeableUrls - The Class-Path manifest attribute in C:\Users\xxrajjjv\.m2\repository\com\oracle\database\security\oraclepki\21.5.0.0\oraclepki-21.5.0.0.jar referenced one or more files that do not exist: file:/C:/Users/xxrajjjv/.m2/repository/com/oracle/database/security/oraclepki/21.5.0.0/osdt_core.jar,file:/C:/Users/xxrajjjv/.m2/repository/com/oracle/database/security/oraclepki/21.5.0.0/osdt_cert.jar,file:/C:/Users/xxrajjjv/.m2/repository/com/oracle/database/security/oraclepki/oracle.osdt/osdt_core.jar,file:/C:/Users/xxrajjjv/.m2/repository/com/oracle/database/security/oraclepki/oracle.osdt/osdt_cert.jar
2024-04-05 15:53:14 [restartedMain] INFO  o.s.b.d.e.DevToolsPropertyDefaultsPostProcessor - Devtools property defaults active! Set 'spring.devtools.add-properties' to 'false' to disable
2024-04-05 15:53:14 [restartedMain] INFO  o.s.d.r.c.RepositoryConfigurationDelegate - Bootstrapping Spring Data JDBC repositories in DEFAULT mode.
2024-04-05 15:53:14 [restartedMain] INFO  o.s.d.r.c.RepositoryConfigurationDelegate - Finished Spring Data repository scanning in 4 ms. Found 0 JDBC repository interfaces.
2024-04-05 15:53:14 [restartedMain] INFO  com.zaxxer.hikari.HikariDataSource - HikariPool-1 - Starting...
2024-04-05 15:53:14 [restartedMain] WARN  c.z.hikari.util.DriverDataSource - Registered driver with driverClassName=oracle.jdbc.driver.OracleDriver was not found, trying direct instantiation.
2024-04-05 15:53:14 [restartedMain] INFO  com.zaxxer.hikari.pool.PoolBase - HikariPool-1 - Driver does not support get/set network timeout for connections. (oracle.jdbc.driver.T4CConnection.getNetworkTimeout()I)
2024-04-05 15:53:14 [restartedMain] INFO  com.zaxxer.hikari.HikariDataSource - HikariPool-1 - Start completed.
2024-04-05 15:53:14 [restartedMain] WARN  o.s.b.d.a.OptionalLiveReloadServer - Unable to start LiveReload server
2024-04-05 15:53:14 [restartedMain] INFO  c.m.d.i.InsurancedaoApplication - Started InsurancedaoApplication in 1.139 seconds (JVM running for 1.706)
2024-04-05 15:53:14 [SpringApplicationShutdownHook] INFO  com.zaxxer.hikari.HikariDataSource - HikariPool-1 - Shutdown initiated...
2024-04-05 15:53:14 [SpringApplicationShutdownHook] INFO  com.zaxxer.hikari.HikariDataSource - HikariPool-1 - Shutdown completed.
2024-04-05 15:57:38 [main] INFO  c.m.d.i.InsurancedaoApplicationTests - Starting InsurancedaoApplicationTests using Java 1.8.0_292 on WPF45CTQ6 with PID 6684 (started by xxrajjjv in C:\Users\xxrajjjv\Desktop\DLTE-java-full-stack-VarunRaj2024\Project\MyBankDao)
2024-04-05 15:57:38 [main] INFO  c.m.d.i.InsurancedaoApplicationTests - No active profile set, falling back to 1 default profile: "default"
2024-04-05 15:57:38 [main] INFO  o.s.d.r.c.RepositoryConfigurationDelegate - Bootstrapping Spring Data JDBC repositories in DEFAULT mode.
2024-04-05 15:57:38 [main] INFO  o.s.d.r.c.RepositoryConfigurationDelegate - Finished Spring Data repository scanning in 7 ms. Found 0 JDBC repository interfaces.
2024-04-05 15:57:39 [main] INFO  com.zaxxer.hikari.HikariDataSource - HikariPool-1 - Starting...
2024-04-05 15:57:39 [main] WARN  c.z.hikari.util.DriverDataSource - Registered driver with driverClassName=oracle.jdbc.driver.OracleDriver was not found, trying direct instantiation.
2024-04-05 15:57:39 [main] INFO  com.zaxxer.hikari.pool.PoolBase - HikariPool-1 - Driver does not support get/set network timeout for connections. (oracle.jdbc.driver.T4CConnection.getNetworkTimeout()I)
2024-04-05 15:57:39 [main] INFO  com.zaxxer.hikari.HikariDataSource - HikariPool-1 - Start completed.
2024-04-05 15:57:39 [main] INFO  c.m.d.i.InsurancedaoApplicationTests - Started InsurancedaoApplicationTests in 1.371 seconds (JVM running for 3.048)
2024-04-05 15:57:39 [SpringApplicationShutdownHook] INFO  com.zaxxer.hikari.HikariDataSource - HikariPool-1 - Shutdown initiated...
2024-04-05 15:57:39 [SpringApplicationShutdownHook] INFO  com.zaxxer.hikari.HikariDataSource - HikariPool-1 - Shutdown completed.
2024-04-05 16:24:50 [main] INFO  c.m.d.i.InsurancedaoApplicationTests - Starting InsurancedaoApplicationTests using Java 1.8.0_292 on WPF45CTQ6 with PID 1152 (started by xxrajjjv in C:\Users\xxrajjjv\Desktop\DLTE-java-full-stack-VarunRaj2024\Project\MyBankDao)
2024-04-05 16:24:50 [main] INFO  c.m.d.i.InsurancedaoApplicationTests - No active profile set, falling back to 1 default profile: "default"
2024-04-05 16:24:50 [main] INFO  o.s.d.r.c.RepositoryConfigurationDelegate - Bootstrapping Spring Data JDBC repositories in DEFAULT mode.
2024-04-05 16:24:50 [main] INFO  o.s.d.r.c.RepositoryConfigurationDelegate - Finished Spring Data repository scanning in 7 ms. Found 0 JDBC repository interfaces.
2024-04-05 16:24:51 [main] INFO  com.zaxxer.hikari.HikariDataSource - HikariPool-1 - Starting...
2024-04-05 16:24:51 [main] WARN  c.z.hikari.util.DriverDataSource - Registered driver with driverClassName=oracle.jdbc.driver.OracleDriver was not found, trying direct instantiation.
2024-04-05 16:24:51 [main] INFO  com.zaxxer.hikari.pool.PoolBase - HikariPool-1 - Driver does not support get/set network timeout for connections. (oracle.jdbc.driver.T4CConnection.getNetworkTimeout()I)
2024-04-05 16:24:51 [main] INFO  com.zaxxer.hikari.HikariDataSource - HikariPool-1 - Start completed.
2024-04-05 16:24:51 [main] INFO  c.m.d.i.InsurancedaoApplicationTests - Started InsurancedaoApplicationTests in 1.45 seconds (JVM running for 3.173)
2024-04-05 16:24:51 [SpringApplicationShutdownHook] INFO  com.zaxxer.hikari.HikariDataSource - HikariPool-1 - Shutdown initiated...
2024-04-05 16:24:51 [SpringApplicationShutdownHook] INFO  com.zaxxer.hikari.HikariDataSource - HikariPool-1 - Shutdown completed.
2024-04-05 16:25:00 [main] INFO  c.m.d.i.InsurancedaoApplicationTests - Starting InsurancedaoApplicationTests using Java 1.8.0_292 on WPF45CTQ6 with PID 5356 (started by xxrajjjv in C:\Users\xxrajjjv\Desktop\DLTE-java-full-stack-VarunRaj2024\Project\MyBankDao)
2024-04-05 16:25:00 [main] INFO  c.m.d.i.InsurancedaoApplicationTests - No active profile set, falling back to 1 default profile: "default"
2024-04-05 16:25:00 [main] INFO  o.s.d.r.c.RepositoryConfigurationDelegate - Bootstrapping Spring Data JDBC repositories in DEFAULT mode.
2024-04-05 16:25:00 [main] INFO  o.s.d.r.c.RepositoryConfigurationDelegate - Finished Spring Data repository scanning in 6 ms. Found 0 JDBC repository interfaces.
2024-04-05 16:25:01 [main] INFO  com.zaxxer.hikari.HikariDataSource - HikariPool-1 - Starting...
2024-04-05 16:25:01 [main] WARN  c.z.hikari.util.DriverDataSource - Registered driver with driverClassName=oracle.jdbc.driver.OracleDriver was not found, trying direct instantiation.
2024-04-05 16:25:01 [main] INFO  com.zaxxer.hikari.pool.PoolBase - HikariPool-1 - Driver does not support get/set network timeout for connections. (oracle.jdbc.driver.T4CConnection.getNetworkTimeout()I)
2024-04-05 16:25:01 [main] INFO  com.zaxxer.hikari.HikariDataSource - HikariPool-1 - Start completed.
2024-04-05 16:25:01 [main] INFO  c.m.d.i.InsurancedaoApplicationTests - Started InsurancedaoApplicationTests in 1.442 seconds (JVM running for 3.078)
2024-04-05 16:25:01 [main] WARN  c.m.d.i.r.InsuranceAvailableDbRepo - No data found
2024-04-05 16:25:01 [SpringApplicationShutdownHook] INFO  com.zaxxer.hikari.HikariDataSource - HikariPool-1 - Shutdown initiated...
2024-04-05 16:25:01 [SpringApplicationShutdownHook] INFO  com.zaxxer.hikari.HikariDataSource - HikariPool-1 - Shutdown completed.
2024-04-05 16:27:47 [main] INFO  c.m.d.i.InsurancedaoApplicationTests - Starting InsurancedaoApplicationTests using Java 1.8.0_292 on WPF45CTQ6 with PID 8140 (started by xxrajjjv in C:\Users\xxrajjjv\Desktop\DLTE-java-full-stack-VarunRaj2024\Project\MyBankDao)
2024-04-05 16:27:47 [main] INFO  c.m.d.i.InsurancedaoApplicationTests - No active profile set, falling back to 1 default profile: "default"
2024-04-05 16:27:47 [main] INFO  o.s.d.r.c.RepositoryConfigurationDelegate - Bootstrapping Spring Data JDBC repositories in DEFAULT mode.
2024-04-05 16:27:47 [main] INFO  o.s.d.r.c.RepositoryConfigurationDelegate - Finished Spring Data repository scanning in 6 ms. Found 0 JDBC repository interfaces.
2024-04-05 16:27:48 [main] INFO  com.zaxxer.hikari.HikariDataSource - HikariPool-1 - Starting...
2024-04-05 16:27:48 [main] WARN  c.z.hikari.util.DriverDataSource - Registered driver with driverClassName=oracle.jdbc.driver.OracleDriver was not found, trying direct instantiation.
2024-04-05 16:27:48 [main] INFO  com.zaxxer.hikari.pool.PoolBase - HikariPool-1 - Driver does not support get/set network timeout for connections. (oracle.jdbc.driver.T4CConnection.getNetworkTimeout()I)
2024-04-05 16:27:48 [main] INFO  com.zaxxer.hikari.HikariDataSource - HikariPool-1 - Start completed.
2024-04-05 16:27:48 [main] INFO  c.m.d.i.InsurancedaoApplicationTests - Started InsurancedaoApplicationTests in 1.499 seconds (JVM running for 5.783)
2024-04-05 16:27:48 [main] WARN  c.m.d.i.r.InsuranceAvailableDbRepo - No data found
2024-04-05 16:27:48 [SpringApplicationShutdownHook] INFO  com.zaxxer.hikari.HikariDataSource - HikariPool-1 - Shutdown initiated...
2024-04-05 16:27:48 [SpringApplicationShutdownHook] INFO  com.zaxxer.hikari.HikariDataSource - HikariPool-1 - Shutdown completed.
2024-04-05 16:32:36 [main] INFO  c.m.d.i.InsurancedaoApplicationTests - Starting InsurancedaoApplicationTests using Java 1.8.0_292 on WPF45CTQ6 with PID 18632 (started by xxrajjjv in C:\Users\xxrajjjv\Desktop\DLTE-java-full-stack-VarunRaj2024\Project\MyBankDao)
2024-04-05 16:32:36 [main] INFO  c.m.d.i.InsurancedaoApplicationTests - No active profile set, falling back to 1 default profile: "default"
2024-04-05 16:32:36 [main] INFO  o.s.d.r.c.RepositoryConfigurationDelegate - Bootstrapping Spring Data JDBC repositories in DEFAULT mode.
2024-04-05 16:32:36 [main] INFO  o.s.d.r.c.RepositoryConfigurationDelegate - Finished Spring Data repository scanning in 6 ms. Found 0 JDBC repository interfaces.
2024-04-05 16:32:37 [main] INFO  com.zaxxer.hikari.HikariDataSource - HikariPool-1 - Starting...
2024-04-05 16:32:37 [main] WARN  c.z.hikari.util.DriverDataSource - Registered driver with driverClassName=oracle.jdbc.driver.OracleDriver was not found, trying direct instantiation.
2024-04-05 16:32:37 [main] INFO  com.zaxxer.hikari.pool.PoolBase - HikariPool-1 - Driver does not support get/set network timeout for connections. (oracle.jdbc.driver.T4CConnection.getNetworkTimeout()I)
2024-04-05 16:32:37 [main] INFO  com.zaxxer.hikari.HikariDataSource - HikariPool-1 - Start completed.
2024-04-05 16:32:37 [main] INFO  c.m.d.i.InsurancedaoApplicationTests - Started InsurancedaoApplicationTests in 1.415 seconds (JVM running for 3.104)
2024-04-05 16:32:37 [main] WARN  c.m.d.i.r.InsuranceAvailableDbRepo - No data found
2024-04-05 16:32:37 [SpringApplicationShutdownHook] INFO  com.zaxxer.hikari.HikariDataSource - HikariPool-1 - Shutdown initiated...
2024-04-05 16:32:37 [SpringApplicationShutdownHook] INFO  com.zaxxer.hikari.HikariDataSource - HikariPool-1 - Shutdown completed.
2024-04-05 16:32:56 [main] INFO  c.m.d.i.InsurancedaoApplicationTests - Starting InsurancedaoApplicationTests using Java 1.8.0_292 on WPF45CTQ6 with PID 25456 (started by xxrajjjv in C:\Users\xxrajjjv\Desktop\DLTE-java-full-stack-VarunRaj2024\Project\MyBankDao)
2024-04-05 16:32:56 [main] INFO  c.m.d.i.InsurancedaoApplicationTests - No active profile set, falling back to 1 default profile: "default"
2024-04-05 16:32:57 [main] INFO  o.s.d.r.c.RepositoryConfigurationDelegate - Bootstrapping Spring Data JDBC repositories in DEFAULT mode.
2024-04-05 16:32:57 [main] INFO  o.s.d.r.c.RepositoryConfigurationDelegate - Finished Spring Data repository scanning in 9 ms. Found 0 JDBC repository interfaces.
2024-04-05 16:32:57 [main] INFO  com.zaxxer.hikari.HikariDataSource - HikariPool-1 - Starting...
2024-04-05 16:32:57 [main] WARN  c.z.hikari.util.DriverDataSource - Registered driver with driverClassName=oracle.jdbc.driver.OracleDriver was not found, trying direct instantiation.
2024-04-05 16:32:58 [main] INFO  com.zaxxer.hikari.pool.PoolBase - HikariPool-1 - Driver does not support get/set network timeout for connections. (oracle.jdbc.driver.T4CConnection.getNetworkTimeout()I)
2024-04-05 16:32:58 [main] INFO  com.zaxxer.hikari.HikariDataSource - HikariPool-1 - Start completed.
2024-04-05 16:32:58 [main] INFO  c.m.d.i.InsurancedaoApplicationTests - Started InsurancedaoApplicationTests in 1.549 seconds (JVM running for 3.319)
2024-04-05 16:32:58 [SpringApplicationShutdownHook] INFO  com.zaxxer.hikari.HikariDataSource - HikariPool-1 - Shutdown initiated...
2024-04-05 16:32:58 [SpringApplicationShutdownHook] INFO  com.zaxxer.hikari.HikariDataSource - HikariPool-1 - Shutdown completed.
2024-04-05 16:33:10 [main] INFO  c.m.d.i.InsurancedaoApplicationTests - Starting InsurancedaoApplicationTests using Java 1.8.0_292 on WPF45CTQ6 with PID 25676 (started by xxrajjjv in C:\Users\xxrajjjv\Desktop\DLTE-java-full-stack-VarunRaj2024\Project\MyBankDao)
2024-04-05 16:33:10 [main] INFO  c.m.d.i.InsurancedaoApplicationTests - No active profile set, falling back to 1 default profile: "default"
2024-04-05 16:33:10 [main] INFO  o.s.d.r.c.RepositoryConfigurationDelegate - Bootstrapping Spring Data JDBC repositories in DEFAULT mode.
2024-04-05 16:33:10 [main] INFO  o.s.d.r.c.RepositoryConfigurationDelegate - Finished Spring Data repository scanning in 7 ms. Found 0 JDBC repository interfaces.
2024-04-05 16:33:11 [main] INFO  com.zaxxer.hikari.HikariDataSource - HikariPool-1 - Starting...
2024-04-05 16:33:11 [main] WARN  c.z.hikari.util.DriverDataSource - Registered driver with driverClassName=oracle.jdbc.driver.OracleDriver was not found, trying direct instantiation.
2024-04-05 16:33:11 [main] INFO  com.zaxxer.hikari.pool.PoolBase - HikariPool-1 - Driver does not support get/set network timeout for connections. (oracle.jdbc.driver.T4CConnection.getNetworkTimeout()I)
2024-04-05 16:33:11 [main] INFO  com.zaxxer.hikari.HikariDataSource - HikariPool-1 - Start completed.
2024-04-05 16:33:11 [main] INFO  c.m.d.i.InsurancedaoApplicationTests - Started InsurancedaoApplicationTests in 1.595 seconds (JVM running for 3.37)
2024-04-05 16:33:11 [SpringApplicationShutdownHook] INFO  com.zaxxer.hikari.HikariDataSource - HikariPool-1 - Shutdown initiated...
2024-04-05 16:33:11 [SpringApplicationShutdownHook] INFO  com.zaxxer.hikari.HikariDataSource - HikariPool-1 - Shutdown completed.
2024-04-05 16:47:32 [main] INFO  c.m.d.i.InsurancedaoApplicationTests - Starting InsurancedaoApplicationTests using Java 1.8.0_292 on WPF45CTQ6 with PID 23316 (started by xxrajjjv in C:\Users\xxrajjjv\Desktop\DLTE-java-full-stack-VarunRaj2024\Project\MyBankDao)
2024-04-05 16:47:32 [main] INFO  c.m.d.i.InsurancedaoApplicationTests - No active profile set, falling back to 1 default profile: "default"
2024-04-05 16:47:33 [main] INFO  o.s.d.r.c.RepositoryConfigurationDelegate - Bootstrapping Spring Data JDBC repositories in DEFAULT mode.
2024-04-05 16:47:33 [main] INFO  o.s.d.r.c.RepositoryConfigurationDelegate - Finished Spring Data repository scanning in 8 ms. Found 0 JDBC repository interfaces.
2024-04-05 16:47:33 [main] INFO  com.zaxxer.hikari.HikariDataSource - HikariPool-1 - Starting...
2024-04-05 16:47:33 [main] WARN  c.z.hikari.util.DriverDataSource - Registered driver with driverClassName=oracle.jdbc.driver.OracleDriver was not found, trying direct instantiation.
2024-04-05 16:47:33 [main] INFO  com.zaxxer.hikari.pool.PoolBase - HikariPool-1 - Driver does not support get/set network timeout for connections. (oracle.jdbc.driver.T4CConnection.getNetworkTimeout()I)
2024-04-05 16:47:33 [main] INFO  com.zaxxer.hikari.HikariDataSource - HikariPool-1 - Start completed.
2024-04-05 16:47:33 [main] INFO  c.m.d.i.InsurancedaoApplicationTests - Started InsurancedaoApplicationTests in 1.402 seconds (JVM running for 3.388)
2024-04-05 16:47:33 [main] WARN  c.m.d.i.r.InsuranceAvailableDbRepo - No data found
2024-04-05 16:47:34 [SpringApplicationShutdownHook] INFO  com.zaxxer.hikari.HikariDataSource - HikariPool-1 - Shutdown initiated...
2024-04-05 16:47:34 [SpringApplicationShutdownHook] INFO  com.zaxxer.hikari.HikariDataSource - HikariPool-1 - Shutdown completed.
